2020-4-3_9:21:5 <--> Open com port 84......
2020-4-3_9:21:5 <--> Detect and DL SA ......
2020-4-3_9:21:19 <--> SA download start auto
2020-4-3_9:21:19 <--> DL SA NORM
2020-4-3_9:21:19 <--> I:\1_Project\__2020\20200309_SKPlanet\By M2M\EC25EFAR06A03M4G_SKT_01.003.01.003\update\NPRG9x07.mbn
2020-4-3_9:21:19 <--> Download NPRG9X07 ( 52 / 98972 ) ...... 0.1%
2020-4-3_9:21:19 <--> Download NPRG9X07 ( 148 / 98972 ) ...... 0.1%
2020-4-3_9:21:19 <--> Download NPRG9X07 ( 6144 / 98972 ) ...... 6.2%
2020-4-3_9:21:19 <--> Download NPRG9X07 ( 8192 / 98972 ) ...... 8.3%
2020-4-3_9:21:19 <--> Download NPRG9X07 ( 10240 / 98972 ) ...... 10.3%
2020-4-3_9:21:19 <--> Download NPRG9X07 ( 10632 / 98972 ) ...... 10.7%
2020-4-3_9:21:19 <--> Download NPRG9X07 ( 14336 / 98972 ) ...... 14.5%
2020-4-3_9:21:19 <--> Download NPRG9X07 ( 16384 / 98972 ) ...... 16.6%
2020-4-3_9:21:19 <--> Download NPRG9X07 ( 18432 / 98972 ) ...... 18.6%
2020-4-3_9:21:20 <--> Download NPRG9X07 ( 20480 / 98972 ) ...... 20.7%
2020-4-3_9:21:20 <--> Download NPRG9X07 ( 22528 / 98972 ) ...... 22.8%
2020-4-3_9:21:20 <--> Download NPRG9X07 ( 24576 / 98972 ) ...... 24.8%
2020-4-3_9:21:20 <--> Download NPRG9X07 ( 26624 / 98972 ) ...... 26.9%
2020-4-3_9:21:20 <--> Download NPRG9X07 ( 28672 / 98972 ) ...... 29.0%
2020-4-3_9:21:20 <--> Download NPRG9X07 ( 30720 / 98972 ) ...... 31.0%
2020-4-3_9:21:20 <--> Download NPRG9X07 ( 32768 / 98972 ) ...... 33.1%
2020-4-3_9:21:20 <--> Download NPRG9X07 ( 34816 / 98972 ) ...... 35.2%
2020-4-3_9:21:20 <--> Download NPRG9X07 ( 36864 / 98972 ) ...... 37.2%
2020-4-3_9:21:20 <--> Download NPRG9X07 ( 38912 / 98972 ) ...... 39.3%
2020-4-3_9:21:21 <--> Download NPRG9X07 ( 40960 / 98972 ) ...... 41.4%
2020-4-3_9:21:21 <--> Download NPRG9X07 ( 43008 / 98972 ) ...... 43.5%
2020-4-3_9:21:21 <--> Download NPRG9X07 ( 45056 / 98972 ) ...... 45.5%
2020-4-3_9:21:21 <--> Download NPRG9X07 ( 47104 / 98972 ) ...... 47.6%
2020-4-3_9:21:21 <--> Download NPRG9X07 ( 49152 / 98972 ) ...... 49.7%
2020-4-3_9:21:21 <--> Download NPRG9X07 ( 51200 / 98972 ) ...... 51.7%
2020-4-3_9:21:21 <--> Download NPRG9X07 ( 53248 / 98972 ) ...... 53.8%
2020-4-3_9:21:21 <--> Download NPRG9X07 ( 55296 / 98972 ) ...... 55.9%
2020-4-3_9:21:21 <--> Download NPRG9X07 ( 57344 / 98972 ) ...... 57.9%
2020-4-3_9:21:21 <--> Download NPRG9X07 ( 59392 / 98972 ) ...... 60.0%
2020-4-3_9:21:21 <--> Download NPRG9X07 ( 61440 / 98972 ) ...... 62.1%
2020-4-3_9:21:22 <--> Download NPRG9X07 ( 63488 / 98972 ) ...... 64.1%
2020-4-3_9:21:22 <--> Download NPRG9X07 ( 65536 / 98972 ) ...... 66.2%
2020-4-3_9:21:22 <--> Download NPRG9X07 ( 67584 / 98972 ) ...... 68.3%
2020-4-3_9:21:22 <--> Download NPRG9X07 ( 69632 / 98972 ) ...... 70.4%
2020-4-3_9:21:22 <--> Download NPRG9X07 ( 71680 / 98972 ) ...... 72.4%
2020-4-3_9:21:22 <--> Download NPRG9X07 ( 73728 / 98972 ) ...... 74.5%
2020-4-3_9:21:22 <--> Download NPRG9X07 ( 75776 / 98972 ) ...... 76.6%
2020-4-3_9:21:22 <--> Download NPRG9X07 ( 77824 / 98972 ) ...... 78.6%
2020-4-3_9:21:22 <--> Download NPRG9X07 ( 79872 / 98972 ) ...... 80.7%
2020-4-3_9:21:22 <--> Download NPRG9X07 ( 81920 / 98972 ) ...... 82.8%
2020-4-3_9:21:23 <--> Download NPRG9X07 ( 83968 / 98972 ) ...... 84.8%
2020-4-3_9:21:23 <--> Download NPRG9X07 ( 86016 / 98972 ) ...... 86.9%
2020-4-3_9:21:23 <--> Download NPRG9X07 ( 88064 / 98972 ) ...... 89.0%
2020-4-3_9:21:23 <--> Download NPRG9X07 ( 90112 / 98972 ) ...... 91.0%
2020-4-3_9:21:23 <--> Download NPRG9X07 ( 92160 / 98972 ) ...... 93.1%
2020-4-3_9:21:23 <--> Download NPRG9X07 ( 94208 / 98972 ) ...... 95.2%
2020-4-3_9:21:23 <--> Download NPRG9X07 ( 96256 / 98972 ) ...... 97.3%
2020-4-3_9:21:23 <--> Download NPRG9X07 ( 98304 / 98972 ) ...... 99.3%
2020-4-3_9:21:23 <--> Download NPRG9X07 ( 98972 / 98972 ) ...... 100.0%
2020-4-3_9:21:23 <--> SA download re-start
2020-4-3_9:21:23 <--> DL Norm Switching ......
2020-4-3_9:21:40 <--> FAIL, Confirm dynamic com port:84 [DL Re-Start]
2020-4-3_9:24:41 <--> Open com port 71......
2020-4-3_9:24:41 <--> Detect and DL SA ......
2020-4-3_9:24:55 <--> SA download start auto
2020-4-3_9:24:55 <--> DL SA NORM
2020-4-3_9:24:55 <--> I:\1_Project\__2020\20200309_SKPlanet\By M2M\EC25EFAR06A03M4G_SKT_01.003.01.003\update\NPRG9x07.mbn
2020-4-3_9:24:55 <--> Download NPRG9X07 ( 52 / 98972 ) ...... 0.1%
2020-4-3_9:24:55 <--> Download NPRG9X07 ( 148 / 98972 ) ...... 0.1%
2020-4-3_9:24:55 <--> Download NPRG9X07 ( 6144 / 98972 ) ...... 6.2%
2020-4-3_9:24:55 <--> Download NPRG9X07 ( 8192 / 98972 ) ...... 8.3%
2020-4-3_9:24:55 <--> Download NPRG9X07 ( 10240 / 98972 ) ...... 10.3%
2020-4-3_9:24:55 <--> Download NPRG9X07 ( 10632 / 98972 ) ...... 10.7%
2020-4-3_9:24:55 <--> Download NPRG9X07 ( 14336 / 98972 ) ...... 14.5%
2020-4-3_9:24:55 <--> Download NPRG9X07 ( 16384 / 98972 ) ...... 16.6%
2020-4-3_9:24:55 <--> Download NPRG9X07 ( 18432 / 98972 ) ...... 18.6%
2020-4-3_9:24:55 <--> Download NPRG9X07 ( 20480 / 98972 ) ...... 20.7%
2020-4-3_9:24:56 <--> Download NPRG9X07 ( 22528 / 98972 ) ...... 22.8%
2020-4-3_9:24:56 <--> Download NPRG9X07 ( 24576 / 98972 ) ...... 24.8%
2020-4-3_9:24:56 <--> Download NPRG9X07 ( 26624 / 98972 ) ...... 26.9%
2020-4-3_9:24:56 <--> Download NPRG9X07 ( 28672 / 98972 ) ...... 29.0%
2020-4-3_9:24:56 <--> Download NPRG9X07 ( 30720 / 98972 ) ...... 31.0%
2020-4-3_9:24:56 <--> Download NPRG9X07 ( 32768 / 98972 ) ...... 33.1%
2020-4-3_9:24:56 <--> Download NPRG9X07 ( 34816 / 98972 ) ...... 35.2%
2020-4-3_9:24:56 <--> Download NPRG9X07 ( 36864 / 98972 ) ...... 37.2%
2020-4-3_9:24:56 <--> Download NPRG9X07 ( 38912 / 98972 ) ...... 39.3%
2020-4-3_9:24:56 <--> Download NPRG9X07 ( 40960 / 98972 ) ...... 41.4%
2020-4-3_9:24:56 <--> Download NPRG9X07 ( 43008 / 98972 ) ...... 43.5%
2020-4-3_9:24:56 <--> Download NPRG9X07 ( 45056 / 98972 ) ...... 45.5%
2020-4-3_9:24:57 <--> Download NPRG9X07 ( 47104 / 98972 ) ...... 47.6%
2020-4-3_9:24:57 <--> Download NPRG9X07 ( 49152 / 98972 ) ...... 49.7%
2020-4-3_9:24:57 <--> Download NPRG9X07 ( 51200 / 98972 ) ...... 51.7%
2020-4-3_9:24:57 <--> Download NPRG9X07 ( 53248 / 98972 ) ...... 53.8%
2020-4-3_9:24:57 <--> Download NPRG9X07 ( 55296 / 98972 ) ...... 55.9%
2020-4-3_9:24:57 <--> Download NPRG9X07 ( 57344 / 98972 ) ...... 57.9%
2020-4-3_9:24:57 <--> Download NPRG9X07 ( 59392 / 98972 ) ...... 60.0%
2020-4-3_9:24:57 <--> Download NPRG9X07 ( 61440 / 98972 ) ...... 62.1%
2020-4-3_9:24:57 <--> Download NPRG9X07 ( 63488 / 98972 ) ...... 64.1%
2020-4-3_9:24:57 <--> Download NPRG9X07 ( 65536 / 98972 ) ...... 66.2%
2020-4-3_9:24:58 <--> Download NPRG9X07 ( 67584 / 98972 ) ...... 68.3%
2020-4-3_9:24:58 <--> Download NPRG9X07 ( 69632 / 98972 ) ...... 70.4%
2020-4-3_9:24:58 <--> Download NPRG9X07 ( 71680 / 98972 ) ...... 72.4%
2020-4-3_9:24:58 <--> Download NPRG9X07 ( 73728 / 98972 ) ...... 74.5%
2020-4-3_9:24:58 <--> Download NPRG9X07 ( 75776 / 98972 ) ...... 76.6%
2020-4-3_9:24:58 <--> Download NPRG9X07 ( 77824 / 98972 ) ...... 78.6%
2020-4-3_9:24:58 <--> Download NPRG9X07 ( 79872 / 98972 ) ...... 80.7%
2020-4-3_9:24:58 <--> Download NPRG9X07 ( 81920 / 98972 ) ...... 82.8%
2020-4-3_9:24:58 <--> Download NPRG9X07 ( 83968 / 98972 ) ...... 84.8%
2020-4-3_9:24:58 <--> Download NPRG9X07 ( 86016 / 98972 ) ...... 86.9%
2020-4-3_9:24:58 <--> Download NPRG9X07 ( 88064 / 98972 ) ...... 89.0%
2020-4-3_9:24:59 <--> Download NPRG9X07 ( 90112 / 98972 ) ...... 91.0%
2020-4-3_9:24:59 <--> Download NPRG9X07 ( 92160 / 98972 ) ...... 93.1%
2020-4-3_9:24:59 <--> Download NPRG9X07 ( 94208 / 98972 ) ...... 95.2%
2020-4-3_9:24:59 <--> Download NPRG9X07 ( 96256 / 98972 ) ...... 97.3%
2020-4-3_9:24:59 <--> Download NPRG9X07 ( 98304 / 98972 ) ...... 99.3%
2020-4-3_9:24:59 <--> Download NPRG9X07 ( 98972 / 98972 ) ...... 100.0%
2020-4-3_9:24:59 <--> SA download re-start
2020-4-3_9:24:59 <--> DL Norm Switching ......
2020-4-3_9:25:16 <--> FAIL, Confirm dynamic com port:71 [DL Re-Start]
2020-4-3_9:28:16 <--> Open com port 84......
2020-4-3_9:28:16 <--> Detect and DL SA ......
2020-4-3_9:28:30 <--> SA download start auto
2020-4-3_9:28:30 <--> DL SA NORM
2020-4-3_9:28:30 <--> I:\1_Project\__2020\20200309_SKPlanet\By M2M\EC25EFAR04A03M4G_SKT\update\NPRG9x07.mbn
2020-4-3_9:28:30 <--> Download NPRG9X07 ( 52 / 96880 ) ...... 0.1%
2020-4-3_9:28:30 <--> Download NPRG9X07 ( 148 / 96880 ) ...... 0.2%
2020-4-3_9:28:30 <--> Download NPRG9X07 ( 6144 / 96880 ) ...... 6.3%
2020-4-3_9:28:30 <--> Download NPRG9X07 ( 8192 / 96880 ) ...... 8.5%
2020-4-3_9:28:30 <--> Download NPRG9X07 ( 10240 / 96880 ) ...... 10.6%
2020-4-3_9:28:30 <--> Download NPRG9X07 ( 10632 / 96880 ) ...... 11.0%
2020-4-3_9:28:30 <--> Download NPRG9X07 ( 14336 / 96880 ) ...... 14.8%
2020-4-3_9:28:30 <--> Download NPRG9X07 ( 16384 / 96880 ) ...... 16.9%
2020-4-3_9:28:30 <--> Download NPRG9X07 ( 18432 / 96880 ) ...... 19.0%
2020-4-3_9:28:31 <--> Download NPRG9X07 ( 20480 / 96880 ) ...... 21.1%
2020-4-3_9:28:31 <--> Download NPRG9X07 ( 22528 / 96880 ) ...... 23.3%
2020-4-3_9:28:31 <--> Download NPRG9X07 ( 24576 / 96880 ) ...... 25.4%
2020-4-3_9:28:31 <--> Download NPRG9X07 ( 26624 / 96880 ) ...... 27.5%
2020-4-3_9:28:31 <--> Download NPRG9X07 ( 28672 / 96880 ) ...... 29.6%
2020-4-3_9:28:31 <--> Download NPRG9X07 ( 30720 / 96880 ) ...... 31.7%
2020-4-3_9:28:31 <--> Download NPRG9X07 ( 32768 / 96880 ) ...... 33.8%
2020-4-3_9:28:31 <--> Download NPRG9X07 ( 34816 / 96880 ) ...... 35.9%
2020-4-3_9:28:31 <--> Download NPRG9X07 ( 36864 / 96880 ) ...... 38.1%
2020-4-3_9:28:31 <--> Download NPRG9X07 ( 38912 / 96880 ) ...... 40.2%
2020-4-3_9:28:32 <--> Download NPRG9X07 ( 40960 / 96880 ) ...... 42.3%
2020-4-3_9:28:32 <--> Download NPRG9X07 ( 43008 / 96880 ) ...... 44.4%
2020-4-3_9:28:32 <--> Download NPRG9X07 ( 45056 / 96880 ) ...... 46.5%
2020-4-3_9:28:32 <--> Download NPRG9X07 ( 47104 / 96880 ) ...... 48.6%
2020-4-3_9:28:32 <--> Download NPRG9X07 ( 49152 / 96880 ) ...... 50.7%
2020-4-3_9:28:32 <--> Download NPRG9X07 ( 51200 / 96880 ) ...... 52.8%
2020-4-3_9:28:32 <--> Download NPRG9X07 ( 53248 / 96880 ) ...... 55.0%
2020-4-3_9:28:32 <--> Download NPRG9X07 ( 55296 / 96880 ) ...... 57.1%
2020-4-3_9:28:32 <--> Download NPRG9X07 ( 57344 / 96880 ) ...... 59.2%
2020-4-3_9:28:32 <--> Download NPRG9X07 ( 59392 / 96880 ) ...... 61.3%
2020-4-3_9:28:32 <--> Download NPRG9X07 ( 61440 / 96880 ) ...... 63.4%
2020-4-3_9:28:33 <--> Download NPRG9X07 ( 63488 / 96880 ) ...... 65.5%
2020-4-3_9:28:33 <--> Download NPRG9X07 ( 65536 / 96880 ) ...... 67.6%
2020-4-3_9:28:33 <--> Download NPRG9X07 ( 67584 / 96880 ) ...... 69.8%
2020-4-3_9:28:33 <--> Download NPRG9X07 ( 69632 / 96880 ) ...... 71.9%
2020-4-3_9:28:33 <--> Download NPRG9X07 ( 71680 / 96880 ) ...... 74.0%
2020-4-3_9:28:33 <--> Download NPRG9X07 ( 73728 / 96880 ) ...... 76.1%
2020-4-3_9:28:33 <--> Download NPRG9X07 ( 75776 / 96880 ) ...... 78.2%
2020-4-3_9:28:33 <--> Download NPRG9X07 ( 77824 / 96880 ) ...... 80.3%
2020-4-3_9:28:33 <--> Download NPRG9X07 ( 79872 / 96880 ) ...... 82.4%
2020-4-3_9:28:33 <--> Download NPRG9X07 ( 81920 / 96880 ) ...... 84.6%
2020-4-3_9:28:34 <--> Download NPRG9X07 ( 83968 / 96880 ) ...... 86.7%
2020-4-3_9:28:34 <--> Download NPRG9X07 ( 86016 / 96880 ) ...... 88.8%
2020-4-3_9:28:34 <--> Download NPRG9X07 ( 88064 / 96880 ) ...... 90.9%
2020-4-3_9:28:34 <--> Download NPRG9X07 ( 90112 / 96880 ) ...... 93.0%
2020-4-3_9:28:34 <--> Download NPRG9X07 ( 92160 / 96880 ) ...... 95.1%
2020-4-3_9:28:34 <--> Download NPRG9X07 ( 94208 / 96880 ) ...... 97.2%
2020-4-3_9:28:34 <--> Download NPRG9X07 ( 96256 / 96880 ) ...... 99.4%
2020-4-3_9:28:34 <--> Download NPRG9X07 ( 96880 / 96880 ) ...... 100.0%
2020-4-3_9:28:34 <--> SA download re-start
2020-4-3_9:28:34 <--> DL Norm Switching ......
2020-4-3_9:28:52 <--> FAIL, Confirm dynamic com port:84 [DL Re-Start]
2020-4-3_9:29:48 <--> Open com port 84......
2020-4-3_9:29:48 <--> Detect and DL SA ......
2020-4-3_9:30:2 <--> SA download start auto
2020-4-3_9:30:2 <--> DL SA NORM
2020-4-3_9:30:2 <--> I:\1_Project\__2020\20200309_SKPlanet\By M2M\EC25EFAR06A03M4G_SKT_01.003.01.003\update\NPRG9x07.mbn
2020-4-3_9:30:2 <--> Download NPRG9X07 ( 52 / 98972 ) ...... 0.1%
2020-4-3_9:30:2 <--> Download NPRG9X07 ( 148 / 98972 ) ...... 0.1%
2020-4-3_9:30:2 <--> Download NPRG9X07 ( 6144 / 98972 ) ...... 6.2%
2020-4-3_9:30:2 <--> Download NPRG9X07 ( 8192 / 98972 ) ...... 8.3%
2020-4-3_9:30:2 <--> Download NPRG9X07 ( 10240 / 98972 ) ...... 10.3%
2020-4-3_9:30:2 <--> Download NPRG9X07 ( 10632 / 98972 ) ...... 10.7%
2020-4-3_9:30:2 <--> Download NPRG9X07 ( 14336 / 98972 ) ...... 14.5%
2020-4-3_9:30:2 <--> Download NPRG9X07 ( 16384 / 98972 ) ...... 16.6%
2020-4-3_9:30:3 <--> Download NPRG9X07 ( 18432 / 98972 ) ...... 18.6%
2020-4-3_9:30:3 <--> Download NPRG9X07 ( 20480 / 98972 ) ...... 20.7%
2020-4-3_9:30:3 <--> Download NPRG9X07 ( 22528 / 98972 ) ...... 22.8%
2020-4-3_9:30:3 <--> Download NPRG9X07 ( 24576 / 98972 ) ...... 24.8%
2020-4-3_9:30:3 <--> Download NPRG9X07 ( 26624 / 98972 ) ...... 26.9%
2020-4-3_9:30:3 <--> Download NPRG9X07 ( 28672 / 98972 ) ...... 29.0%
2020-4-3_9:30:3 <--> Download NPRG9X07 ( 30720 / 98972 ) ...... 31.0%
2020-4-3_9:30:3 <--> Download NPRG9X07 ( 32768 / 98972 ) ...... 33.1%
2020-4-3_9:30:3 <--> Download NPRG9X07 ( 34816 / 98972 ) ...... 35.2%
2020-4-3_9:30:3 <--> Download NPRG9X07 ( 36864 / 98972 ) ...... 37.2%
2020-4-3_9:30:4 <--> Download NPRG9X07 ( 38912 / 98972 ) ...... 39.3%
2020-4-3_9:30:4 <--> Download NPRG9X07 ( 40960 / 98972 ) ...... 41.4%
2020-4-3_9:30:4 <--> Download NPRG9X07 ( 43008 / 98972 ) ...... 43.5%
2020-4-3_9:30:4 <--> Download NPRG9X07 ( 45056 / 98972 ) ...... 45.5%
2020-4-3_9:30:4 <--> Download NPRG9X07 ( 47104 / 98972 ) ...... 47.6%
2020-4-3_9:30:4 <--> Download NPRG9X07 ( 49152 / 98972 ) ...... 49.7%
2020-4-3_9:30:4 <--> Download NPRG9X07 ( 51200 / 98972 ) ...... 51.7%
2020-4-3_9:30:4 <--> Download NPRG9X07 ( 53248 / 98972 ) ...... 53.8%
2020-4-3_9:30:4 <--> Download NPRG9X07 ( 55296 / 98972 ) ...... 55.9%
2020-4-3_9:30:4 <--> Download NPRG9X07 ( 57344 / 98972 ) ...... 57.9%
2020-4-3_9:30:5 <--> Download NPRG9X07 ( 59392 / 98972 ) ...... 60.0%
2020-4-3_9:30:5 <--> Download NPRG9X07 ( 61440 / 98972 ) ...... 62.1%
2020-4-3_9:30:5 <--> Download NPRG9X07 ( 63488 / 98972 ) ...... 64.1%
2020-4-3_9:30:5 <--> Download NPRG9X07 ( 65536 / 98972 ) ...... 66.2%
2020-4-3_9:30:5 <--> Download NPRG9X07 ( 67584 / 98972 ) ...... 68.3%
2020-4-3_9:30:5 <--> Download NPRG9X07 ( 69632 / 98972 ) ...... 70.4%
2020-4-3_9:30:5 <--> Download NPRG9X07 ( 71680 / 98972 ) ...... 72.4%
2020-4-3_9:30:5 <--> Download NPRG9X07 ( 73728 / 98972 ) ...... 74.5%
2020-4-3_9:30:5 <--> Download NPRG9X07 ( 75776 / 98972 ) ...... 76.6%
2020-4-3_9:30:5 <--> Download NPRG9X07 ( 77824 / 98972 ) ...... 78.6%
2020-4-3_9:30:6 <--> Download NPRG9X07 ( 79872 / 98972 ) ...... 80.7%
2020-4-3_9:30:6 <--> Download NPRG9X07 ( 81920 / 98972 ) ...... 82.8%
2020-4-3_9:30:6 <--> Download NPRG9X07 ( 83968 / 98972 ) ...... 84.8%
2020-4-3_9:30:6 <--> Download NPRG9X07 ( 86016 / 98972 ) ...... 86.9%
2020-4-3_9:30:6 <--> Download NPRG9X07 ( 88064 / 98972 ) ...... 89.0%
2020-4-3_9:30:6 <--> Download NPRG9X07 ( 90112 / 98972 ) ...... 91.0%
2020-4-3_9:30:6 <--> Download NPRG9X07 ( 92160 / 98972 ) ...... 93.1%
2020-4-3_9:30:6 <--> Download NPRG9X07 ( 94208 / 98972 ) ...... 95.2%
2020-4-3_9:30:6 <--> Download NPRG9X07 ( 96256 / 98972 ) ...... 97.3%
2020-4-3_9:30:6 <--> Download NPRG9X07 ( 98304 / 98972 ) ...... 99.3%
2020-4-3_9:30:7 <--> Download NPRG9X07 ( 98972 / 98972 ) ...... 100.0%
2020-4-3_9:30:7 <--> SA download re-start
2020-4-3_9:30:7 <--> DL Norm Switching ......
2020-4-3_9:30:24 <--> FAIL, Confirm dynamic com port:84 [DL Re-Start]
